<?xml version="1.0" encoding="UTF-8"?>
<!-- Generated by org.testng.reporters.JUnitReportReporter -->
<testsuite hostname="Sreejith-VAIO" failures="0" tests="1" name="com.uiFrameworkNew.companyName.projectName.testScripts.BasicShoppingTest" time="40.147" errors="0" timestamp="22 Mar 2019 15:00:53 GMT" skipped="0">
  <testcase classname="com.uiFrameworkNew.companyName.projectName.testScripts.BasicShoppingTest" name="testShoppingflow" time="40.147"/>
</testsuite> <!-- com.uiFrameworkNew.companyName.projectName.testScripts.BasicShoppingTest -->
