<?xml version="1.0" encoding="UTF-8"?>
<!-- Generated by org.testng.reporters.JUnitReportReporter -->
<testsuite hostname="Sreejith-VAIO" failures="0" tests="1" name="com.uiFrameworkNew.companyName.projectName.testScripts.RegistrationTest" time="20.314" errors="0" timestamp="22 Mar 2019 15:00:54 GMT" skipped="0">
  <testcase classname="com.uiFrameworkNew.companyName.projectName.testScripts.RegistrationTest" name="testLoginToApplication" time="20.314"/>
</testsuite> <!-- com.uiFrameworkNew.companyName.projectName.testScripts.RegistrationTest -->
