<?xml version="1.0" encoding="UTF-8"?>
<!-- Generated by org.testng.reporters.JUnitReportReporter -->
<testsuite hostname="Sreejith-VAIO" failures="0" tests="1" name="com.uiFrameworkNew.companyName.projectName.helper.excel.ExampleExcelData" time="2.791" errors="0" timestamp="25 Jan 2019 23:40:58 GMT" skipped="0">
  <testcase classname="com.uiFrameworkNew.companyName.projectName.helper.excel.ExampleExcelData" name="getExcelData" time="2.791"/>
</testsuite> <!-- com.uiFrameworkNew.companyName.projectName.helper.excel.ExampleExcelData -->
