<?xml version="1.0" encoding="UTF-8"?>
<!-- Generated by org.testng.reporters.JUnitReportReporter -->
<testsuite hostname="Sreejith-VAIO" failures="0" tests="1" name="com.uiFrameworkNew.companyName.projectName.testScripts.LoginTest" time="11.847" errors="0" timestamp="22 Mar 2019 15:00:53 GMT" skipped="0">
  <testcase classname="com.uiFrameworkNew.companyName.projectName.testScripts.LoginTest" name="testApplicationLogin" time="11.847"/>
</testsuite> <!-- com.uiFrameworkNew.companyName.projectName.testScripts.LoginTest -->
