<?xml version="1.0" encoding="UTF-8"?>
<!-- Generated by org.testng.reporters.JUnitReportReporter -->
<testsuite hostname="Sreejith-VAIO" failures="0" tests="1" name="com.uiFrameworkNew.companyName.projectName.testScripts.TestScreenshot" time="5.635" errors="0" timestamp="25 Feb 2019 21:10:12 GMT" skipped="0">
  <testcase classname="com.uiFrameworkNew.companyName.projectName.testScripts.TestScreenshot" name="testScreen" time="5.635"/>
</testsuite> <!-- com.uiFrameworkNew.companyName.projectName.testScripts.TestScreenshot -->
